<?xml version="1.0" encoding="UTF-8"?>
<!-- Generated by org.testng.reporters.JUnitReportReporter -->
<testsuite hostname="DESKTOP-VA6QITH" failures="0" tests="2" name="qaclickacademy.Mavenjava1.AppiumTest" time="0.006" errors="0" timestamp="14 Aug 2020 00:35:27 GMT" skipped="0">
  <testcase classname="qaclickacademy.Mavenjava1.AppiumTest" name="NativeAppAndroid" time="0.001"/>
  <testcase classname="qaclickacademy.Mavenjava1.AppiumTest" name="IOSApps" time="0.005"/>
</testsuite> <!-- qaclickacademy.Mavenjava1.AppiumTest -->
