<?xml version="1.0" encoding="UTF-8"?>
<!-- Generated by org.testng.reporters.JUnitReportReporter -->
<testsuite hostname="DESKTOP-VA6QITH" failures="0" tests="2" name="qaclickacademy.Mavenjava1.RESTAPITest" time="0.000" errors="0" timestamp="14 Aug 2020 00:35:27 GMT" skipped="0">
  <testcase classname="qaclickacademy.Mavenjava1.RESTAPITest" name="postJita" time="0.000"/>
  <testcase classname="qaclickacademy.Mavenjava1.RESTAPITest" name="deleteTwitter" time="0.000"/>
</testsuite> <!-- qaclickacademy.Mavenjava1.RESTAPITest -->
