<?xml version="1.0" encoding="UTF-8"?>
<!-- Generated by org.testng.reporters.JUnitReportReporter -->
<testsuite hostname="DESKTOP-VA6QITH" failures="0" tests="1" name="qaclickacademy.Mavenjava1.AppTest" time="0.011" errors="0" timestamp="14 Aug 2020 00:35:27 GMT" skipped="0">
  <testcase classname="qaclickacademy.Mavenjava1.AppTest" name="shouldAnswerWithTrue" time="0.011"/>
</testsuite> <!-- qaclickacademy.Mavenjava1.AppTest -->
