<?xml version="1.0" encoding="UTF-8"?>
<!-- Generated by org.testng.reporters.JUnitReportReporter -->
<testsuite hostname="DESKTOP-VA6QITH" failures="0" tests="2" name="qaclickacademy.Mavenjava1.SeleniumTest" time="0.001" errors="0" timestamp="18 Aug 2020 00:47:26 GMT" skipped="0">
  <testcase classname="qaclickacademy.Mavenjava1.SeleniumTest" name="BrowserAutomation" time="0.001"/>
  <testcase classname="qaclickacademy.Mavenjava1.SeleniumTest" name="elementsUI" time="0.000"/>
</testsuite> <!-- qaclickacademy.Mavenjava1.SeleniumTest -->
